<?xml version="1.0" encoding="UTF-8"?>
<testng-results ignored="0" total="1" passed="1" failed="0" skipped="0">
  <reporter-output>
  </reporter-output>
  <suite started-at="2024-02-09T21:36:30 EET" name="All Test Suite" finished-at="2024-02-09T21:36:32 EET" duration-ms="1617">
    <groups>
    </groups>
    <test started-at="2024-02-09T21:36:30 EET" name="BlackStone task" finished-at="2024-02-09T21:36:32 EET" duration-ms="1617">
      <class name="Tests.LoginPageTest">
        <test-method is-config="true" signature="openBrowser()[pri:0, instance:Tests.LoginPageTest@2af004b]" started-at="2024-02-09T21:36:23 EET" name="openBrowser" finished-at="2024-02-09T21:36:30 EET" duration-ms="7171" status="PASS">
          <reporter-output>
          </reporter-output>
        </test-method> <!-- openBrowser -->
        <test-method is-config="true" signature="LoginPageBeforeClass()[pri:0, instance:Tests.LoginPageTest@2af004b]" started-at="2024-02-09T21:36:30 EET" name="LoginPageBeforeClass" finished-at="2024-02-09T21:36:30 EET" duration-ms="7" status="PASS">
          <reporter-output>
          </reporter-output>
        </test-method> <!-- LoginPageBeforeClass -->
        <test-method signature="UserLogin()[pri:0, instance:Tests.LoginPageTest@2af004b]" started-at="2024-02-09T21:36:30 EET" name="UserLogin" finished-at="2024-02-09T21:36:32 EET" duration-ms="1530" status="PASS">
          <reporter-output>
          </reporter-output>
        </test-method> <!-- UserLogin -->
        <test-method is-config="true" signature="screenshotOnFailure(org.testng.ITestResult)[pri:0, instance:Tests.LoginPageTest@2af004b]" started-at="2024-02-09T21:36:32 EET" name="screenshotOnFailure" finished-at="2024-02-09T21:36:32 EET" duration-ms="4" status="PASS">
          <params>
            <param index="0">
              <value>
                <![CDATA[[TestResult name=UserLogin status=SUCCESS method=LoginPageTest.UserLogin()[pri:0, instance:Tests.LoginPageTest@2af004b] output={null}]]]>
              </value>
            </param>
          </params>
          <reporter-output>
          </reporter-output>
        </test-method> <!-- screenshotOnFailure -->
        <test-method is-config="true" signature="quitDriver()[pri:0, instance:Tests.LoginPageTest@2af004b]" started-at="2024-02-09T21:36:32 EET" name="quitDriver" finished-at="2024-02-09T21:36:32 EET" duration-ms="184" status="PASS">
          <reporter-output>
          </reporter-output>
        </test-method> <!-- quitDriver -->
      </class> <!-- Tests.LoginPageTest -->
    </test> <!-- BlackStone task -->
  </suite> <!-- All Test Suite -->
</testng-results>
